<?xml version="1.0" encoding="UTF-8"?>
<!-- Generated by org.testng.reporters.JUnitReportReporter -->
<testsuite hostname="INLEN8520087465" failures="0" tests="2" name="com.app.tests.Apptest" time="32.069" errors="0" timestamp="2023-01-09T17:41:40 IST" skipped="0">
  <testcase classname="com.app.tests.Apptest" name="verify" time="9.079"/>
  <system-out/>
  <testcase classname="com.app.tests.Apptest" name="loginpage" time="22.990"/>
  <system-out/>
</testsuite> <!-- com.app.tests.Apptest -->
