<?xml version="1.0" encoding="UTF-8"?>
<!-- Generated by org.testng.reporters.JUnitReportReporter -->
<testsuite hostname="INLEN8520087465" failures="0" tests="1" name="com.app.tests.Apptest" time="22.192" errors="0" timestamp="2023-01-09T20:27:01 IST" skipped="0">
  <testcase classname="com.app.tests.Apptest" name="loginpage" time="22.192"/>
  <system-out/>
</testsuite> <!-- com.app.tests.Apptest -->
